<?xml version="1.0" encoding="UTF-8"?>
<testsuite name="LuhnValidatorTest" tests="18" skipped="0" failures="0" errors="0" timestamp="2020-05-07T10:50:00" hostname="azhar-Aspire-E5-573" time="0.032">
  <properties/>
  <testcase name="testSimpleValidSINReversedRemainsValid" classname="LuhnValidatorTest" time="0.008"/>
  <testcase name="testValidNumberWithAnOddNumberOfSpaces" classname="LuhnValidatorTest" time="0.002"/>
  <testcase name="testValidCanadianSINValid" classname="LuhnValidatorTest" time="0.001"/>
  <testcase name="testMoreThanSingleZeroValid" classname="LuhnValidatorTest" time="0.001"/>
  <testcase name="testStringContainingSymbolsInvalidJavaTrackSpecific" classname="LuhnValidatorTest" time="0.0"/>
  <testcase name="testSimpleValidSINReversedBecomesInvalid" classname="LuhnValidatorTest" time="0.0"/>
  <testcase name="testSingleZeroIsInvalid" classname="LuhnValidatorTest" time="0.001"/>
  <testcase name="testInvalidCanadianSINInvalid" classname="LuhnValidatorTest" time="0.001"/>
  <testcase name="testStringContainingPunctuationInvalid" classname="LuhnValidatorTest" time="0.0"/>
  <testcase name="testUsingASCIIValueForNonDoubledNonDigitNotAllowed" classname="LuhnValidatorTest" time="0.0"/>
  <testcase name="testValidStringsWithANonDigitAtEndInvalid" classname="LuhnValidatorTest" time="0.0"/>
  <testcase name="testValidNumberWithAnEvenNumberOfDigits" classname="LuhnValidatorTest" time="0.001"/>
  <testcase name="testDigitNineConvertedToOutputNine" classname="LuhnValidatorTest" time="0.001"/>
  <testcase name="testSingleSpaceWithZeroInvalid" classname="LuhnValidatorTest" time="0.0"/>
  <testcase name="testSingleDigitStringInvalid" classname="LuhnValidatorTest" time="0.0"/>
  <testcase name="testStringContainingSymbolsInvalid" classname="LuhnValidatorTest" time="0.002"/>
  <testcase name="testInvalidCreditCardInvalid" classname="LuhnValidatorTest" time="0.002"/>
  <testcase name="testUsingASCIIValueForDoubledNonDigitNotAllowed" classname="LuhnValidatorTest" time="0.0"/>
  <system-out><![CDATA[9
1
0
4
6
2
2
9
7
7
3
5
8
3
4
5
7
2
8
4
8
5
1
0
0
0
0
0
0
9
1
6
7
2
8
4
8
5
1
0
8
7
5
8
2
1
9
0
1
9
0
9
3
5
0
2
1
3
5
2
6
2
2
3
5
2
7
]]></system-out>
  <system-err><![CDATA[]]></system-err>
</testsuite>
