<?xml version="1.0" encoding="UTF-8"?>
<testsuite name="TwelveDaysTest" tests="15" skipped="0" failures="1" errors="0" timestamp="2020-05-22T15:09:07" hostname="azhar-Aspire-E5-573" time="0.014">
  <properties/>
  <testcase name="testVerseEight" classname="TwelveDaysTest" time="0.004"/>
  <testcase name="testVerseSeven" classname="TwelveDaysTest" time="0.0"/>
  <testcase name="testVerseThree" classname="TwelveDaysTest" time="0.001"/>
  <testcase name="testVerseOne" classname="TwelveDaysTest" time="0.0"/>
  <testcase name="testVerseSix" classname="TwelveDaysTest" time="0.0"/>
  <testcase name="testVerseTen" classname="TwelveDaysTest" time="0.0"/>
  <testcase name="testVerseTwo" classname="TwelveDaysTest" time="0.0"/>
  <testcase name="testVerseFive" classname="TwelveDaysTest" time="0.0"/>
  <testcase name="testVerseFour" classname="TwelveDaysTest" time="0.0"/>
  <testcase name="testVerseNine" classname="TwelveDaysTest" time="0.0"/>
  <testcase name="testVerseEleven" classname="TwelveDaysTest" time="0.0"/>
  <testcase name="testVerseTwelve" classname="TwelveDaysTest" time="0.0"/>
  <testcase name="testFirstThreeVerses" classname="TwelveDaysTest" time="0.0"/>
  <testcase name="testSingWholeSong" classname="TwelveDaysTest" time="0.003">
    <failure message="org.junit.ComparisonFailure: expected:&lt;...ge in a Pear Tree.&#10;&#10;[On the second day of Christmas my true love gave to me: two Turtle Doves, and a Partridge in a Pear Tree.&#10;&#10;On the third day of Christmas my true love gave to me: three French Hens, two Turtle Doves, and a Partridge in a Pear Tree.&#10;&#10;On the fourth day of Christmas my true love gave to me: four Calling Birds, three French Hens, two Turtle Doves, and a Partridge in a Pear Tree.&#10;&#10;On the fifth day of Christmas my true love gave to me: five Gold Rings, four Calling Birds, three French Hens, two Turtle Doves, and a Partridge in a Pear Tree.&#10;&#10;On the sixth day of Christmas my true love gave to me: six Geese-a-Laying, five Gold Rings, four Calling Birds, three French Hens, two Turtle Doves, and a Partridge in a Pear Tree.&#10;&#10;On the seventh day of Christmas my true love gave to me: seven Swans-a-Swimming, six Geese-a-Laying, five Gold Rings, four Calling Birds, three French Hens, two Turtle Doves, and a Partridge in a Pear Tree.&#10;&#10;On the eighth day of Christmas my true love gave to me: eight Maids-a-Milking, seven Swans-a-Swimming, six Geese-a-Laying, five Gold Rings, four Calling Birds, three French Hens, two Turtle Doves, and a Partridge in a Pear Tree.&#10;&#10;On the ninth day of Christmas my true love gave to me: nine Ladies Dancing, eight Maids-a-Milking, seven Swans-a-Swimming, six Geese-a-Laying, five Gold Rings, four Calling Birds, three French Hens, two Turtle Doves, and a Partridge in a Pear Tree.&#10;&#10;On the tenth day of Christmas my true love gave to me: ten Lords-a-Leaping, nine Ladies Dancing, eight Maids-a-Milking, seven Swans-a-Swimming, six Geese-a-Laying, five Gold Rings, four Calling Birds, three French Hens, two Turtle Doves, and a Partridge in a Pear Tree.&#10;&#10;On the eleventh day of Christmas my true love gave to me: eleven Pipers Piping, ten Lords-a-Leaping, nine Ladies Dancing, eight Maids-a-Milking, seven Swans-a-Swimming, six Geese-a-Laying, five Gold Rings, four Calling Birds, three French Hens, two Turtle Doves, and a Partridge in a Pear Tree.&#10;&#10;On the twelfth day of Christmas my true love gave to me: twelve Drummers Drumming, eleven Pipers Piping, ten Lords-a-Leaping, nine Ladies Dancing, eight Maids-a-Milking, seven Swans-a-Swimming, six Geese-a-Laying, five Gold Rings, four Calling Birds, three French Hens, two Turtle Doves, and a Partridge in a Pear Tree.]&#10;&#10;&gt; but was:&lt;...ge in a Pear Tree.&#10;&#10;[&#10;On the second day of Christmas my true love gave to me: two Turtle Doves, and a Partridge in a Pear Tree.&#10;&#10;&#10;On the third day of Christmas my true love gave to me: three French Hens, two Turtle Doves, and a Partridge in a Pear Tree.&#10;&#10;&#10;On the fourth day of Christmas my true love gave to me: four Calling Birds, three French Hens, two Turtle Doves, and a Partridge in a Pear Tree.&#10;&#10;&#10;On the fifth day of Christmas my true love gave to me: five Gold Rings, four Calling Birds, three French Hens, two Turtle Doves, and a Partridge in a Pear Tree.&#10;&#10;&#10;On the sixth day of Christmas my true love gave to me: six Geese-a-Laying, five Gold Rings, four Calling Birds, three French Hens, two Turtle Doves, and a Partridge in a Pear Tree.&#10;&#10;&#10;On the seventh day of Christmas my true love gave to me: seven Swans-a-Swimming, six Geese-a-Laying, five Gold Rings, four Calling Birds, three French Hens, two Turtle Doves, and a Partridge in a Pear Tree.&#10;&#10;&#10;On the eighth day of Christmas my true love gave to me: eight Maids-a-Milking, seven Swans-a-Swimming, six Geese-a-Laying, five Gold Rings, four Calling Birds, three French Hens, two Turtle Doves, and a Partridge in a Pear Tree.&#10;&#10;&#10;On the ninth day of Christmas my true love gave to me: nine Ladies Dancing, eight Maids-a-Milking, seven Swans-a-Swimming, six Geese-a-Laying, five Gold Rings, four Calling Birds, three French Hens, two Turtle Doves, and a Partridge in a Pear Tree.&#10;&#10;&#10;On the tenth day of Christmas my true love gave to me: ten Lords-a-Leaping, nine Ladies Dancing, eight Maids-a-Milking, seven Swans-a-Swimming, six Geese-a-Laying, five Gold Rings, four Calling Birds, three French Hens, two Turtle Doves, and a Partridge in a Pear Tree.&#10;]&#10;&#10;&gt;" type="org.junit.ComparisonFailure">org.junit.ComparisonFailure: expected:&lt;...ge in a Pear Tree.

[On the second day of Christmas my true love gave to me: two Turtle Doves, and a Partridge in a Pear Tree.

On the third day of Christmas my true love gave to me: three French Hens, two Turtle Doves, and a Partridge in a Pear Tree.

On the fourth day of Christmas my true love gave to me: four Calling Birds, three French Hens, two Turtle Doves, and a Partridge in a Pear Tree.

On the fifth day of Christmas my true love gave to me: five Gold Rings, four Calling Birds, three French Hens, two Turtle Doves, and a Partridge in a Pear Tree.

On the sixth day of Christmas my true love gave to me: six Geese-a-Laying, five Gold Rings, four Calling Birds, three French Hens, two Turtle Doves, and a Partridge in a Pear Tree.

On the seventh day of Christmas my true love gave to me: seven Swans-a-Swimming, six Geese-a-Laying, five Gold Rings, four Calling Birds, three French Hens, two Turtle Doves, and a Partridge in a Pear Tree.

On the eighth day of Christmas my true love gave to me: eight Maids-a-Milking, seven Swans-a-Swimming, six Geese-a-Laying, five Gold Rings, four Calling Birds, three French Hens, two Turtle Doves, and a Partridge in a Pear Tree.

On the ninth day of Christmas my true love gave to me: nine Ladies Dancing, eight Maids-a-Milking, seven Swans-a-Swimming, six Geese-a-Laying, five Gold Rings, four Calling Birds, three French Hens, two Turtle Doves, and a Partridge in a Pear Tree.

On the tenth day of Christmas my true love gave to me: ten Lords-a-Leaping, nine Ladies Dancing, eight Maids-a-Milking, seven Swans-a-Swimming, six Geese-a-Laying, five Gold Rings, four Calling Birds, three French Hens, two Turtle Doves, and a Partridge in a Pear Tree.

On the eleventh day of Christmas my true love gave to me: eleven Pipers Piping, ten Lords-a-Leaping, nine Ladies Dancing, eight Maids-a-Milking, seven Swans-a-Swimming, six Geese-a-Laying, five Gold Rings, four Calling Birds, three French Hens, two Turtle Doves, and a Partridge in a Pear Tree.

On the twelfth day of Christmas my true love gave to me: twelve Drummers Drumming, eleven Pipers Piping, ten Lords-a-Leaping, nine Ladies Dancing, eight Maids-a-Milking, seven Swans-a-Swimming, six Geese-a-Laying, five Gold Rings, four Calling Birds, three French Hens, two Turtle Doves, and a Partridge in a Pear Tree.]

&gt; but was:&lt;...ge in a Pear Tree.

[
On the second day of Christmas my true love gave to me: two Turtle Doves, and a Partridge in a Pear Tree.


On the third day of Christmas my true love gave to me: three French Hens, two Turtle Doves, and a Partridge in a Pear Tree.


On the fourth day of Christmas my true love gave to me: four Calling Birds, three French Hens, two Turtle Doves, and a Partridge in a Pear Tree.


On the fifth day of Christmas my true love gave to me: five Gold Rings, four Calling Birds, three French Hens, two Turtle Doves, and a Partridge in a Pear Tree.


On the sixth day of Christmas my true love gave to me: six Geese-a-Laying, five Gold Rings, four Calling Birds, three French Hens, two Turtle Doves, and a Partridge in a Pear Tree.


On the seventh day of Christmas my true love gave to me: seven Swans-a-Swimming, six Geese-a-Laying, five Gold Rings, four Calling Birds, three French Hens, two Turtle Doves, and a Partridge in a Pear Tree.


On the eighth day of Christmas my true love gave to me: eight Maids-a-Milking, seven Swans-a-Swimming, six Geese-a-Laying, five Gold Rings, four Calling Birds, three French Hens, two Turtle Doves, and a Partridge in a Pear Tree.


On the ninth day of Christmas my true love gave to me: nine Ladies Dancing, eight Maids-a-Milking, seven Swans-a-Swimming, six Geese-a-Laying, five Gold Rings, four Calling Birds, three French Hens, two Turtle Doves, and a Partridge in a Pear Tree.


On the tenth day of Christmas my true love gave to me: ten Lords-a-Leaping, nine Ladies Dancing, eight Maids-a-Milking, seven Swans-a-Swimming, six Geese-a-Laying, five Gold Rings, four Calling Birds, three French Hens, two Turtle Doves, and a Partridge in a Pear Tree.
]

&gt;
	at org.junit.Assert.assertEquals(Assert.java:117)
	at org.junit.Assert.assertEquals(Assert.java:146)
	at TwelveDaysTest.testSingWholeSong(TwelveDaysTest.java:189)
	at sun.reflect.NativeMethodAccessorImpl.invoke0(Native Method)
	at sun.reflect.NativeMethodAccessorImpl.invoke(NativeMethodAccessorImpl.java:62)
	at sun.reflect.DelegatingMethodAccessorImpl.invoke(DelegatingMethodAccessorImpl.java:43)
	at java.lang.reflect.Method.invoke(Method.java:498)
	at org.junit.runners.model.FrameworkMethod$1.runReflectiveCall(FrameworkMethod.java:59)
	at org.junit.internal.runners.model.ReflectiveCallable.run(ReflectiveCallable.java:12)
	at org.junit.runners.model.FrameworkMethod.invokeExplosively(FrameworkMethod.java:56)
	at org.junit.internal.runners.statements.InvokeMethod.evaluate(InvokeMethod.java:17)
	at org.junit.internal.runners.statements.RunBefores.evaluate(RunBefores.java:26)
	at org.junit.runners.ParentRunner$3.evaluate(ParentRunner.java:306)
	at org.junit.runners.BlockJUnit4ClassRunner$1.evaluate(BlockJUnit4ClassRunner.java:100)
	at org.junit.runners.ParentRunner.runLeaf(ParentRunner.java:366)
	at org.junit.runners.BlockJUnit4ClassRunner.runChild(BlockJUnit4ClassRunner.java:103)
	at org.junit.runners.BlockJUnit4ClassRunner.runChild(BlockJUnit4ClassRunner.java:63)
	at org.junit.runners.ParentRunner$4.run(ParentRunner.java:331)
	at org.junit.runners.ParentRunner$1.schedule(ParentRunner.java:79)
	at org.junit.runners.ParentRunner.runChildren(ParentRunner.java:329)
	at org.junit.runners.ParentRunner.access$100(ParentRunner.java:66)
	at org.junit.runners.ParentRunner$2.evaluate(ParentRunner.java:293)
	at org.junit.runners.ParentRunner$3.evaluate(ParentRunner.java:306)
	at org.junit.runners.ParentRunner.run(ParentRunner.java:413)
	at org.gradle.api.internal.tasks.testing.junit.JUnitTestClassExecuter.runTestClass(JUnitTestClassExecuter.java:114)
	at org.gradle.api.internal.tasks.testing.junit.JUnitTestClassExecuter.execute(JUnitTestClassExecuter.java:57)
	at org.gradle.api.internal.tasks.testing.junit.JUnitTestClassProcessor.processTestClass(JUnitTestClassProcessor.java:66)
	at org.gradle.api.internal.tasks.testing.SuiteTestClassProcessor.processTestClass(SuiteTestClassProcessor.java:51)
	at sun.reflect.NativeMethodAccessorImpl.invoke0(Native Method)
	at sun.reflect.NativeMethodAccessorImpl.invoke(NativeMethodAccessorImpl.java:62)
	at sun.reflect.DelegatingMethodAccessorImpl.invoke(DelegatingMethodAccessorImpl.java:43)
	at java.lang.reflect.Method.invoke(Method.java:498)
	at org.gradle.internal.dispatch.ReflectionDispatch.dispatch(ReflectionDispatch.java:35)
	at org.gradle.internal.dispatch.ReflectionDispatch.dispatch(ReflectionDispatch.java:24)
	at org.gradle.internal.dispatch.ContextClassLoaderDispatch.dispatch(ContextClassLoaderDispatch.java:32)
	at org.gradle.internal.dispatch.ProxyDispatchAdapter$DispatchingInvocationHandler.invoke(ProxyDispatchAdapter.java:93)
	at com.sun.proxy.$Proxy1.processTestClass(Unknown Source)
	at org.gradle.api.internal.tasks.testing.worker.TestWorker.processTestClass(TestWorker.java:108)
	at sun.reflect.NativeMethodAccessorImpl.invoke0(Native Method)
	at sun.reflect.NativeMethodAccessorImpl.invoke(NativeMethodAccessorImpl.java:62)
	at sun.reflect.DelegatingMethodAccessorImpl.invoke(DelegatingMethodAccessorImpl.java:43)
	at java.lang.reflect.Method.invoke(Method.java:498)
	at org.gradle.internal.dispatch.ReflectionDispatch.dispatch(ReflectionDispatch.java:35)
	at org.gradle.internal.dispatch.ReflectionDispatch.dispatch(ReflectionDispatch.java:24)
	at org.gradle.internal.remote.internal.hub.MessageHubBackedObjectConnection$DispatchWrapper.dispatch(MessageHubBackedObjectConnection.java:146)
	at org.gradle.internal.remote.internal.hub.MessageHubBackedObjectConnection$DispatchWrapper.dispatch(MessageHubBackedObjectConnection.java:128)
	at org.gradle.internal.remote.internal.hub.MessageHub$Handler.run(MessageHub.java:404)
	at org.gradle.internal.concurrent.ExecutorPolicy$CatchAndRecordFailures.onExecute(ExecutorPolicy.java:63)
	at org.gradle.internal.concurrent.ManagedExecutorImpl$1.run(ManagedExecutorImpl.java:46)
	at java.util.concurrent.ThreadPoolExecutor.runWorker(ThreadPoolExecutor.java:1149)
	at java.util.concurrent.ThreadPoolExecutor$Worker.run(ThreadPoolExecutor.java:624)
	at org.gradle.internal.concurrent.ThreadFactoryImpl$ManagedThreadRunnable.run(ThreadFactoryImpl.java:55)
	at java.lang.Thread.run(Thread.java:748)
</failure>
  </testcase>
  <testcase name="testFourthToSixthVerses" classname="TwelveDaysTest" time="0.0"/>
  <system-out><![CDATA[]]></system-out>
  <system-err><![CDATA[]]></system-err>
</testsuite>
