<?xml version="1.0" encoding="UTF-8"?>
<testsuite name="IsogramCheckerTest" tests="13" skipped="0" failures="0" errors="0" timestamp="2020-03-26T15:58:38" hostname="azhar-Aspire-E5-573" time="0.012">
  <properties/>
  <testcase name="testDuplicateEndAlphabet" classname="IsogramCheckerTest" time="0.003"/>
  <testcase name="testIsogramWithDuplicatedHyphen" classname="IsogramCheckerTest" time="0.0"/>
  <testcase name="testIsogramWithDuplicatedCharAfterHyphen" classname="IsogramCheckerTest" time="0.001"/>
  <testcase name="testCaseInsensitive" classname="IsogramCheckerTest" time="0.001"/>
  <testcase name="testLowercaseIsogram" classname="IsogramCheckerTest" time="0.0"/>
  <testcase name="testNotIsogram" classname="IsogramCheckerTest" time="0.0"/>
  <testcase name="testMadeUpNameThatIsAnIsogram" classname="IsogramCheckerTest" time="0.0"/>
  <testcase name="testEmptyString" classname="IsogramCheckerTest" time="0.0"/>
  <testcase name="testIsogramWithHyphen" classname="IsogramCheckerTest" time="0.001"/>
  <testcase name="testSameFirstAndLast" classname="IsogramCheckerTest" time="0.0"/>
  <testcase name="testDuplicatMixedCase" classname="IsogramCheckerTest" time="0.001"/>
  <testcase name="testMediumLongIsogram" classname="IsogramCheckerTest" time="0.0"/>
  <testcase name="testDuplicatedCharacterInTheMiddleIsNotIsogram" classname="IsogramCheckerTest" time="0.001"/>
  <system-out><![CDATA[0
13
0
0
0
0
1
]]></system-out>
  <system-err><![CDATA[]]></system-err>
</testsuite>
